SF:lib/src/screens/oui_screen_size.dart
DA:6,6
DA:12,1
DA:13,4
DA:21,6
LF:4
LH:4
end_of_record
SF:lib/src/screens/oui_path_segment.dart
DA:12,4
DA:19,4
DA:20,4
DA:22,8
DA:28,1
DA:29,1
DA:37,2
DA:38,2
DA:45,1
DA:47,4
LF:10
LH:10
end_of_record
SF:lib/src/screens/oui_path_segment_match.dart
DA:16,3
DA:19,3
DA:21,3
LF:3
LH:3
end_of_record
SF:lib/src/actions/oui_action.dart
DA:5,0
LF:1
LH:0
end_of_record
SF:lib/src/app/oui_app_context.dart
DA:7,0
DA:14,0
DA:15,0
DA:18,0
DA:20,0
DA:25,0
DA:26,0
DA:29,0
DA:30,0
LF:9
LH:0
end_of_record
SF:lib/src/app/oui_app.dart
DA:33,0
DA:39,0
DA:40,0
DA:41,0
DA:44,0
DA:46,0
DA:47,0
DA:48,0
DA:49,0
DA:50,0
DA:52,0
DA:53,0
LF:12
LH:0
end_of_record
SF:lib/src/components/buttons/oui_pressable.dart
DA:24,5
DA:35,5
DA:47,0
DA:49,0
DA:50,0
DA:51,0
DA:52,0
DA:53,0
DA:54,0
DA:58,0
DA:60,0
DA:61,0
DA:62,0
DA:63,0
DA:64,0
DA:65,0
DA:75,0
DA:79,0
DA:81,0
DA:83,0
DA:84,0
DA:85,0
DA:86,0
DA:87,0
DA:88,0
DA:92,0
DA:93,0
DA:110,0
DA:116,0
DA:118,0
DA:119,0
DA:120,0
DA:121,0
DA:122,0
DA:123,0
DA:124,0
DA:126,0
DA:127,0
DA:128,0
DA:130,0
DA:131,0
DA:132,0
DA:134,0
DA:135,0
DA:136,0
DA:138,0
DA:141,0
DA:142,0
DA:144,0
DA:145,0
DA:147,0
DA:148,0
DA:150,0
DA:151,0
DA:153,0
DA:155,0
DA:156,0
DA:160,0
DA:161,0
DA:162,0
DA:163,0
DA:166,0
DA:167,0
LF:63
LH:2
end_of_record
SF:lib/src/config/oui_config.dart
DA:8,5
LF:1
LH:1
end_of_record
SF:lib/src/router/oui_route_information_parser.dart
DA:16,0
DA:22,0
DA:27,0
DA:28,0
DA:29,0
DA:30,0
DA:36,0
DA:38,0
LF:8
LH:0
end_of_record
SF:lib/src/router/oui_router.dart
DA:8,0
DA:10,0
DA:12,0
DA:14,0
DA:15,0
DA:16,0
DA:19,0
DA:21,0
DA:24,0
DA:26,0
DA:28,0
DA:29,0
DA:31,0
LF:13
LH:0
end_of_record
SF:lib/src/scaffold/oui_scaffold_rail.dart
DA:9,10
DA:23,0
DA:34,5
DA:39,0
DA:42,0
DA:44,0
DA:45,0
DA:46,0
DA:47,0
DA:51,0
DA:52,0
DA:55,0
DA:60,0
DA:63,0
LF:14
LH:2
end_of_record
SF:lib/src/scaffold/oui_scaffold.dart
DA:7,5
DA:20,0
DA:25,0
DA:27,0
DA:28,0
DA:29,0
DA:30,0
DA:33,0
DA:34,0
DA:35,0
DA:38,0
DA:39,0
LF:12
LH:1
end_of_record
SF:lib/src/screens/oui_screen.dart
DA:34,2
LF:1
LH:1
end_of_record
SF:lib/src/utils/background.dart
DA:8,0
DA:15,0
DA:17,0
DA:18,0
DA:20,0
DA:25,0
DA:31,0
DA:35,0
DA:36,0
DA:37,0
DA:39,0
DA:40,0
DA:43,0
DA:44,0
DA:45,0
DA:47,0
DA:51,0
LF:17
LH:0
end_of_record
SF:lib/src/config/config_container.dart
DA:5,0
LF:1
LH:0
end_of_record
SF:lib/src/utils/oui_localized.dart
DA:5,1
DA:12,4
DA:17,1
DA:18,1
DA:21,6
DA:23,2
DA:25,2
DA:29,2
DA:30,2
DA:34,3
DA:35,4
DA:36,1
DA:39,2
DA:40,2
DA:44,1
LF:15
LH:15
end_of_record
SF:lib/src/utils/oui_border.dart
DA:15,10
DA:21,0
DA:24,0
DA:25,0
DA:30,0
DA:31,0
DA:36,0
DA:37,0
DA:38,0
DA:39,0
DA:40,0
LF:11
LH:1
end_of_record
SF:lib/src/utils/oui_metadata.dart
DA:23,2
LF:1
LH:1
end_of_record
SF:lib/src/utils/oui_sides.dart
DA:13,0
DA:14,0
DA:15,0
DA:18,0
DA:19,0
DA:20,0
DA:28,0
DA:41,0
DA:43,0
DA:45,0
DA:47,0
DA:49,0
LF:12
LH:0
end_of_record
SF:lib/src/utils/range.dart
DA:5,0
DA:8,0
LF:2
LH:0
end_of_record
SF:lib/src/screens/oui_path_match.dart
DA:21,1
DA:22,5
DA:25,0
DA:28,3
DA:31,3
DA:35,1
DA:36,5
DA:39,7
DA:50,0
DA:51,0
DA:55,0
DA:56,0
DA:57,0
DA:60,0
DA:61,0
DA:62,0
DA:63,0
DA:64,0
DA:65,0
DA:66,0
DA:67,0
DA:73,0
DA:75,0
LF:23
LH:7
end_of_record
SF:lib/src/screens/oui_path.dart
DA:12,6
DA:15,7
DA:18,3
DA:22,2
DA:23,2
DA:24,6
DA:25,2
DA:26,2
DA:29,8
DA:35,2
DA:36,2
DA:37,8
DA:38,2
DA:43,6
DA:44,0
DA:45,0
DA:48,0
DA:49,0
DA:50,0
DA:51,0
DA:60,0
DA:61,0
DA:62,0
DA:69,10
DA:70,2
DA:71,2
DA:72,4
DA:86,2
DA:87,2
DA:90,8
LF:30
LH:21
end_of_record
SF:lib/src/screens/oui_screen_registry.dart
DA:9,1
DA:13,1
DA:15,1
DA:16,3
DA:17,2
DA:18,2
DA:19,2
DA:20,1
DA:24,1
DA:28,7
DA:33,1
DA:36,1
DA:40,4
DA:42,1
DA:43,2
DA:44,3
DA:45,1
DA:51,1
DA:52,1
DA:53,1
DA:56,1
DA:57,5
DA:58,1
DA:60,7
DA:62,3
DA:63,3
DA:64,1
DA:67,2
DA:68,4
DA:71,1
LF:30
LH:30
end_of_record
SF:lib/src/screens/oui_screen_metadata.dart
DA:6,2
LF:1
LH:1
end_of_record
SF:lib/src/screens/oui_screen_registry_entry.dart
DA:8,1
DA:10,0
LF:2
LH:1
end_of_record
